[24-Dec-2020 09:02:25 UTC] PHP Fatal error:  Uncaught ArgumentCountError: Too few arguments to function add_action(), 1 passed in /home/cedcoss/Local Sites/thememanupulation/app/public/wp-content/themes/theme-manupulation/header.php on line 21 and at least 2 expected in /home/cedcoss/Local Sites/thememanupulation/app/public/wp-includes/plugin.php:409
Stack trace:
#0 /home/cedcoss/Local Sites/thememanupulation/app/public/wp-content/themes/theme-manupulation/header.php(21): add_action('wp_head')
#1 /home/cedcoss/Local Sites/thememanupulation/app/public/wp-includes/template.php(730): require_once('/home/cedcoss/L...')
#2 /home/cedcoss/Local Sites/thememanupulation/app/public/wp-includes/template.php(676): load_template('/home/cedcoss/L...', true, Array)
#3 /home/cedcoss/Local Sites/thememanupulation/app/public/wp-includes/general-template.php(48): locate_template(Array, true, true, Array)
#4 /home/cedcoss/Local Sites/thememanupulation/app/public/wp-content/themes/theme-manupulation/index.php(15): get_header()
#5 /home/cedcoss/Local Sites/thememanupulation/ in /home/cedcoss/Local Sites/thememanupulation/app/public/wp-includes/plugin.php on line 409
[24-Dec-2020 09:32:20 UTC] PHP Parse error:  syntax error, unexpected '<' in /home/cedcoss/Local Sites/thememanupulation/app/public/wp-content/themes/theme-manupulation/functions.php on line 147
[24-Dec-2020 09:34:20 UTC] PHP Parse error:  syntax error, unexpected '<' in /home/cedcoss/Local Sites/thememanupulation/app/public/wp-content/themes/theme-manupulation/functions.php on line 147
[24-Dec-2020 09:40:21 UTC] PHP Parse error:  syntax error, unexpected '<' in /home/cedcoss/Local Sites/thememanupulation/app/public/wp-content/themes/theme-manupulation/functions.php on line 149
[24-Dec-2020 09:42:22 UTC] PHP Parse error:  syntax error, unexpected '<' in /home/cedcoss/Local Sites/thememanupulation/app/public/wp-content/themes/theme-manupulation/functions.php on line 150
[24-Dec-2020 13:26:59 UTC] PHP Parse error:  syntax error, unexpected '<' in /home/cedcoss/Local Sites/thememanupulation/app/public/wp-content/themes/theme-manupulation/functions.php on line 153
[24-Dec-2020 13:42:16 UTC] PHP Warning:  Use of undefined constant get - assumed 'get' (this will throw an Error in a future version of PHP) in /home/cedcoss/Local Sites/thememanupulation/app/public/wp-content/themes/test/header.php on line 95
[24-Dec-2020 13:42:16 UTC] PHP Stack trace:
[24-Dec-2020 13:42:16 UTC] PHP   1. {main}() /home/cedcoss/Local Sites/thememanupulation/app/public/index.php:0
[24-Dec-2020 13:42:16 UTC] PHP   2. require() /home/cedcoss/Local Sites/thememanupulation/app/public/index.php:17
[24-Dec-2020 13:42:16 UTC] PHP   3. require_once() /home/cedcoss/Local Sites/thememanupulation/app/public/wp-blog-header.php:19
[24-Dec-2020 13:42:16 UTC] PHP   4. include() /home/cedcoss/Local Sites/thememanupulation/app/public/wp-includes/template-loader.php:106
[24-Dec-2020 13:42:16 UTC] PHP   5. get_header() /home/cedcoss/Local Sites/thememanupulation/app/public/wp-content/themes/test/404.php:10
[24-Dec-2020 13:42:16 UTC] PHP   6. locate_template() /home/cedcoss/Local Sites/thememanupulation/app/public/wp-includes/general-template.php:48
[24-Dec-2020 13:42:16 UTC] PHP   7. load_template() /home/cedcoss/Local Sites/thememanupulation/app/public/wp-includes/template.php:676
[24-Dec-2020 13:42:16 UTC] PHP   8. require_once() /home/cedcoss/Local Sites/thememanupulation/app/public/wp-includes/template.php:730
[24-Dec-2020 13:42:16 UTC] PHP Warning:  Use of undefined constant get - assumed 'get' (this will throw an Error in a future version of PHP) in /home/cedcoss/Local Sites/thememanupulation/app/public/wp-content/themes/test/header.php on line 95
[24-Dec-2020 13:42:16 UTC] PHP Stack trace:
[24-Dec-2020 13:42:16 UTC] PHP   1. {main}() /home/cedcoss/Local Sites/thememanupulation/app/public/index.php:0
[24-Dec-2020 13:42:16 UTC] PHP   2. require() /home/cedcoss/Local Sites/thememanupulation/app/public/index.php:17
[24-Dec-2020 13:42:16 UTC] PHP   3. require_once() /home/cedcoss/Local Sites/thememanupulation/app/public/wp-blog-header.php:19
[24-Dec-2020 13:42:16 UTC] PHP   4. include() /home/cedcoss/Local Sites/thememanupulation/app/public/wp-includes/template-loader.php:106
[24-Dec-2020 13:42:16 UTC] PHP   5. get_header() /home/cedcoss/Local Sites/thememanupulation/app/public/wp-content/themes/test/404.php:10
[24-Dec-2020 13:42:16 UTC] PHP   6. locate_template() /home/cedcoss/Local Sites/thememanupulation/app/public/wp-includes/general-template.php:48
[24-Dec-2020 13:42:16 UTC] PHP   7. load_template() /home/cedcoss/Local Sites/thememanupulation/app/public/wp-includes/template.php:676
[24-Dec-2020 13:42:16 UTC] PHP   8. require_once() /home/cedcoss/Local Sites/thememanupulation/app/public/wp-includes/template.php:730
[24-Dec-2020 13:42:16 UTC] PHP Warning:  Use of undefined constant get - assumed 'get' (this will throw an Error in a future version of PHP) in /home/cedcoss/Local Sites/thememanupulation/app/public/wp-content/themes/test/header.php on line 95
[24-Dec-2020 13:42:16 UTC] PHP Stack trace:
[24-Dec-2020 13:42:16 UTC] PHP   1. {main}() /home/cedcoss/Local Sites/thememanupulation/app/public/index.php:0
[24-Dec-2020 13:42:16 UTC] PHP   2. require() /home/cedcoss/Local Sites/thememanupulation/app/public/index.php:17
[24-Dec-2020 13:42:16 UTC] PHP   3. require_once() /home/cedcoss/Local Sites/thememanupulation/app/public/wp-blog-header.php:19
[24-Dec-2020 13:42:16 UTC] PHP   4. include() /home/cedcoss/Local Sites/thememanupulation/app/public/wp-includes/template-loader.php:106
[24-Dec-2020 13:42:16 UTC] PHP   5. get_header() /home/cedcoss/Local Sites/thememanupulation/app/public/wp-content/themes/test/404.php:10
[24-Dec-2020 13:42:16 UTC] PHP   6. locate_template() /home/cedcoss/Local Sites/thememanupulation/app/public/wp-includes/general-template.php:48
[24-Dec-2020 13:42:16 UTC] PHP   7. load_template() /home/cedcoss/Local Sites/thememanupulation/app/public/wp-includes/template.php:676
[24-Dec-2020 13:42:16 UTC] PHP   8. require_once() /home/cedcoss/Local Sites/thememanupulation/app/public/wp-includes/template.php:730
[24-Dec-2020 13:42:16 UTC] PHP Warning:  Use of undefined constant get - assumed 'get' (this will throw an Error in a future version of PHP) in /home/cedcoss/Local Sites/thememanupulation/app/public/wp-content/themes/test/header.php on line 95
[24-Dec-2020 13:42:16 UTC] PHP Warning:  Use of undefined constant get - assumed 'get' (this will throw an Error in a future version of PHP) in /home/cedcoss/Local Sites/thememanupulation/app/public/wp-content/themes/test/header.php on line 95
[24-Dec-2020 13:42:16 UTC] PHP Stack trace:
[24-Dec-2020 13:42:16 UTC] PHP Stack trace:
[24-Dec-2020 13:42:16 UTC] PHP   1. {main}() /home/cedcoss/Local Sites/thememanupulation/app/public/index.php:0
[24-Dec-2020 13:42:16 UTC] PHP   1. {main}() /home/cedcoss/Local Sites/thememanupulation/app/public/index.php:0
[24-Dec-2020 13:42:16 UTC] PHP   2. require() /home/cedcoss/Local Sites/thememanupulation/app/public/index.php:17
[24-Dec-2020 13:42:16 UTC] PHP   2. require() /home/cedcoss/Local Sites/thememanupulation/app/public/index.php:17
[24-Dec-2020 13:42:16 UTC] PHP   3. require_once() /home/cedcoss/Local Sites/thememanupulation/app/public/wp-blog-header.php:19
[24-Dec-2020 13:42:16 UTC] PHP   3. require_once() /home/cedcoss/Local Sites/thememanupulation/app/public/wp-blog-header.php:19
[24-Dec-2020 13:42:16 UTC] PHP   4. include() /home/cedcoss/Local Sites/thememanupulation/app/public/wp-includes/template-loader.php:106
[24-Dec-2020 13:42:16 UTC] PHP   4. include() /home/cedcoss/Local Sites/thememanupulation/app/public/wp-includes/template-loader.php:106
[24-Dec-2020 13:42:16 UTC] PHP   5. get_header() /home/cedcoss/Local Sites/thememanupulation/app/public/wp-content/themes/test/404.php:10
[24-Dec-2020 13:42:16 UTC] PHP   5. get_header() /home/cedcoss/Local Sites/thememanupulation/app/public/wp-content/themes/test/404.php:10
[24-Dec-2020 13:42:16 UTC] PHP   6. locate_template() /home/cedcoss/Local Sites/thememanupulation/app/public/wp-includes/general-template.php:48
[24-Dec-2020 13:42:16 UTC] PHP   6. locate_template() /home/cedcoss/Local Sites/thememanupulation/app/public/wp-includes/general-template.php:48
[24-Dec-2020 13:42:16 UTC] PHP   7. load_template() /home/cedcoss/Local Sites/thememanupulation/app/public/wp-includes/template.php:676
[24-Dec-2020 13:42:16 UTC] PHP   7. load_template() /home/cedcoss/Local Sites/thememanupulation/app/public/wp-includes/template.php:676
[24-Dec-2020 13:42:16 UTC] PHP   8. require_once() /home/cedcoss/Local Sites/thememanupulation/app/public/wp-includes/template.php:730
[24-Dec-2020 13:42:16 UTC] PHP   8. require_once() /home/cedcoss/Local Sites/thememanupulation/app/public/wp-includes/template.php:730
[24-Dec-2020 13:42:16 UTC] PHP Warning:  Use of undefined constant get - assumed 'get' (this will throw an Error in a future version of PHP) in /home/cedcoss/Local Sites/thememanupulation/app/public/wp-content/themes/test/header.php on line 95
[24-Dec-2020 13:42:16 UTC] PHP Stack trace:
[24-Dec-2020 13:42:16 UTC] PHP   1. {main}() /home/cedcoss/Local Sites/thememanupulation/app/public/index.php:0
[24-Dec-2020 13:42:16 UTC] PHP   2. require() /home/cedcoss/Local Sites/thememanupulation/app/public/index.php:17
[24-Dec-2020 13:42:16 UTC] PHP   3. require_once() /home/cedcoss/Local Sites/thememanupulation/app/public/wp-blog-header.php:19
[24-Dec-2020 13:42:16 UTC] PHP   4. include() /home/cedcoss/Local Sites/thememanupulation/app/public/wp-includes/template-loader.php:106
[24-Dec-2020 13:42:16 UTC] PHP   5. get_header() /home/cedcoss/Local Sites/thememanupulation/app/public/wp-content/themes/test/404.php:10
[24-Dec-2020 13:42:16 UTC] PHP   6. locate_template() /home/cedcoss/Local Sites/thememanupulation/app/public/wp-includes/general-template.php:48
[24-Dec-2020 13:42:16 UTC] PHP   7. load_template() /home/cedcoss/Local Sites/thememanupulation/app/public/wp-includes/template.php:676
[24-Dec-2020 13:42:16 UTC] PHP   8. require_once() /home/cedcoss/Local Sites/thememanupulation/app/public/wp-includes/template.php:730
[24-Dec-2020 13:42:16 UTC] PHP Warning:  Use of undefined constant get - assumed 'get' (this will throw an Error in a future version of PHP) in /home/cedcoss/Local Sites/thememanupulation/app/public/wp-content/themes/test/header.php on line 95
[24-Dec-2020 13:42:16 UTC] PHP Stack trace:
[24-Dec-2020 13:42:16 UTC] PHP   1. {main}() /home/cedcoss/Local Sites/thememanupulation/app/public/index.php:0
[24-Dec-2020 13:42:16 UTC] PHP   2. require() /home/cedcoss/Local Sites/thememanupulation/app/public/index.php:17
[24-Dec-2020 13:42:16 UTC] PHP   3. require_once() /home/cedcoss/Local Sites/thememanupulation/app/public/wp-blog-header.php:19
[24-Dec-2020 13:42:16 UTC] PHP   4. include() /home/cedcoss/Local Sites/thememanupulation/app/public/wp-includes/template-loader.php:106
[24-Dec-2020 13:42:16 UTC] PHP   5. get_header() /home/cedcoss/Local Sites/thememanupulation/app/public/wp-content/themes/test/404.php:10
[24-Dec-2020 13:42:16 UTC] PHP   6. locate_template() /home/cedcoss/Local Sites/thememanupulation/app/public/wp-includes/general-template.php:48
[24-Dec-2020 13:42:16 UTC] PHP   7. load_template() /home/cedcoss/Local Sites/thememanupulation/app/public/wp-includes/template.php:676
[24-Dec-2020 13:42:16 UTC] PHP   8. require_once() /home/cedcoss/Local Sites/thememanupulation/app/public/wp-includes/template.php:730
[24-Dec-2020 13:42:16 UTC] PHP Warning:  Use of undefined constant get - assumed 'get' (this will throw an Error in a future version of PHP) in /home/cedcoss/Local Sites/thememanupulation/app/public/wp-content/themes/test/header.php on line 95
[24-Dec-2020 13:42:16 UTC] PHP Warning:  Use of undefined constant get - assumed 'get' (this will throw an Error in a future version of PHP) in /home/cedcoss/Local Sites/thememanupulation/app/public/wp-content/themes/test/header.php on line 95
[24-Dec-2020 13:42:16 UTC] PHP Stack trace:
[24-Dec-2020 13:42:16 UTC] PHP Stack trace:
[24-Dec-2020 13:42:16 UTC] PHP   1. {main}() /home/cedcoss/Local Sites/thememanupulation/app/public/index.php:0
[24-Dec-2020 13:42:16 UTC] PHP   1. {main}() /home/cedcoss/Local Sites/thememanupulation/app/public/index.php:0
[24-Dec-2020 13:42:16 UTC] PHP   2. require() /home/cedcoss/Local Sites/thememanupulation/app/public/index.php:17
[24-Dec-2020 13:42:16 UTC] PHP   2. require() /home/cedcoss/Local Sites/thememanupulation/app/public/index.php:17
[24-Dec-2020 13:42:16 UTC] PHP   3. require_once() /home/cedcoss/Local Sites/thememanupulation/app/public/wp-blog-header.php:19
[24-Dec-2020 13:42:16 UTC] PHP   3. require_once() /home/cedcoss/Local Sites/thememanupulation/app/public/wp-blog-header.php:19
[24-Dec-2020 13:42:16 UTC] PHP   4. include() /home/cedcoss/Local Sites/thememanupulation/app/public/wp-includes/template-loader.php:106
[24-Dec-2020 13:42:16 UTC] PHP   4. include() /home/cedcoss/Local Sites/thememanupulation/app/public/wp-includes/template-loader.php:106
[24-Dec-2020 13:42:16 UTC] PHP   5. get_header() /home/cedcoss/Local Sites/thememanupulation/app/public/wp-content/themes/test/404.php:10
[24-Dec-2020 13:42:16 UTC] PHP   5. get_header() /home/cedcoss/Local Sites/thememanupulation/app/public/wp-content/themes/test/404.php:10
[24-Dec-2020 13:42:16 UTC] PHP   6. locate_template() /home/cedcoss/Local Sites/thememanupulation/app/public/wp-includes/general-template.php:48
[24-Dec-2020 13:42:16 UTC] PHP   6. locate_template() /home/cedcoss/Local Sites/thememanupulation/app/public/wp-includes/general-template.php:48
[24-Dec-2020 13:42:16 UTC] PHP   7. load_template() /home/cedcoss/Local Sites/thememanupulation/app/public/wp-includes/template.php:676
[24-Dec-2020 13:42:16 UTC] PHP   7. load_template() /home/cedcoss/Local Sites/thememanupulation/app/public/wp-includes/template.php:676
[24-Dec-2020 13:42:16 UTC] PHP   8. require_once() /home/cedcoss/Local Sites/thememanupulation/app/public/wp-includes/template.php:730
[24-Dec-2020 13:42:16 UTC] PHP   8. require_once() /home/cedcoss/Local Sites/thememanupulation/app/public/wp-includes/template.php:730
[24-Dec-2020 13:42:16 UTC] PHP Warning:  Use of undefined constant get - assumed 'get' (this will throw an Error in a future version of PHP) in /home/cedcoss/Local Sites/thememanupulation/app/public/wp-content/themes/test/header.php on line 95
[24-Dec-2020 13:42:16 UTC] PHP Stack trace:
[24-Dec-2020 13:42:16 UTC] PHP   1. {main}() /home/cedcoss/Local Sites/thememanupulation/app/public/index.php:0
[24-Dec-2020 13:42:16 UTC] PHP   2. require() /home/cedcoss/Local Sites/thememanupulation/app/public/index.php:17
[24-Dec-2020 13:42:16 UTC] PHP   3. require_once() /home/cedcoss/Local Sites/thememanupulation/app/public/wp-blog-header.php:19
[24-Dec-2020 13:42:16 UTC] PHP   4. include() /home/cedcoss/Local Sites/thememanupulation/app/public/wp-includes/template-loader.php:106
[24-Dec-2020 13:42:16 UTC] PHP   5. get_header() /home/cedcoss/Local Sites/thememanupulation/app/public/wp-content/themes/test/404.php:10
[24-Dec-2020 13:42:16 UTC] PHP   6. locate_template() /home/cedcoss/Local Sites/thememanupulation/app/public/wp-includes/general-template.php:48
[24-Dec-2020 13:42:16 UTC] PHP   7. load_template() /home/cedcoss/Local Sites/thememanupulation/app/public/wp-includes/template.php:676
[24-Dec-2020 13:42:16 UTC] PHP   8. require_once() /home/cedcoss/Local Sites/thememanupulation/app/public/wp-includes/template.php:730
[24-Dec-2020 13:42:16 UTC] PHP Warning:  Use of undefined constant get - assumed 'get' (this will throw an Error in a future version of PHP) in /home/cedcoss/Local Sites/thememanupulation/app/public/wp-content/themes/test/header.php on line 95
[24-Dec-2020 13:42:16 UTC] PHP Stack trace:
[24-Dec-2020 13:42:16 UTC] PHP   1. {main}() /home/cedcoss/Local Sites/thememanupulation/app/public/index.php:0
[24-Dec-2020 13:42:16 UTC] PHP   2. require() /home/cedcoss/Local Sites/thememanupulation/app/public/index.php:17
[24-Dec-2020 13:42:16 UTC] PHP   3. require_once() /home/cedcoss/Local Sites/thememanupulation/app/public/wp-blog-header.php:19
[24-Dec-2020 13:42:16 UTC] PHP   4. include() /home/cedcoss/Local Sites/thememanupulation/app/public/wp-includes/template-loader.php:106
[24-Dec-2020 13:42:16 UTC] PHP   5. get_header() /home/cedcoss/Local Sites/thememanupulation/app/public/wp-content/themes/test/404.php:10
[24-Dec-2020 13:42:16 UTC] PHP   6. locate_template() /home/cedcoss/Local Sites/thememanupulation/app/public/wp-includes/general-template.php:48
[24-Dec-2020 13:42:16 UTC] PHP   7. load_template() /home/cedcoss/Local Sites/thememanupulation/app/public/wp-includes/template.php:676
[24-Dec-2020 13:42:16 UTC] PHP   8. require_once() /home/cedcoss/Local Sites/thememanupulation/app/public/wp-includes/template.php:730
[24-Dec-2020 13:42:16 UTC] PHP Warning:  Use of undefined constant get - assumed 'get' (this will throw an Error in a future version of PHP) in /home/cedcoss/Local Sites/thememanupulation/app/public/wp-content/themes/test/header.php on line 95
[24-Dec-2020 13:42:16 UTC] PHP Stack trace:
[24-Dec-2020 13:42:16 UTC] PHP   1. {main}() /home/cedcoss/Local Sites/thememanupulation/app/public/index.php:0
[24-Dec-2020 13:42:16 UTC] PHP   2. require() /home/cedcoss/Local Sites/thememanupulation/app/public/index.php:17
[24-Dec-2020 13:42:16 UTC] PHP   3. require_once() /home/cedcoss/Local Sites/thememanupulation/app/public/wp-blog-header.php:19
[24-Dec-2020 13:42:16 UTC] PHP   4. include() /home/cedcoss/Local Sites/thememanupulation/app/public/wp-includes/template-loader.php:106
[24-Dec-2020 13:42:16 UTC] PHP   5. get_header() /home/cedcoss/Local Sites/thememanupulation/app/public/wp-content/themes/test/404.php:10
[24-Dec-2020 13:42:16 UTC] PHP   6. locate_template() /home/cedcoss/Local Sites/thememanupulation/app/public/wp-includes/general-template.php:48
[24-Dec-2020 13:42:16 UTC] PHP   7. load_template() /home/cedcoss/Local Sites/thememanupulation/app/public/wp-includes/template.php:676
[24-Dec-2020 13:42:16 UTC] PHP   8. require_once() /home/cedcoss/Local Sites/thememanupulation/app/public/wp-includes/template.php:730
[24-Dec-2020 13:42:16 UTC] PHP Warning:  Use of undefined constant get - assumed 'get' (this will throw an Error in a future version of PHP) in /home/cedcoss/Local Sites/thememanupulation/app/public/wp-content/themes/test/header.php on line 95
[24-Dec-2020 13:42:16 UTC] PHP Stack trace:
[24-Dec-2020 13:42:16 UTC] PHP   1. {main}() /home/cedcoss/Local Sites/thememanupulation/app/public/index.php:0
[24-Dec-2020 13:42:16 UTC] PHP   2. require() /home/cedcoss/Local Sites/thememanupulation/app/public/index.php:17
[24-Dec-2020 13:42:16 UTC] PHP   3. require_once() /home/cedcoss/Local Sites/thememanupulation/app/public/wp-blog-header.php:19
[24-Dec-2020 13:42:16 UTC] PHP   4. include() /home/cedcoss/Local Sites/thememanupulation/app/public/wp-includes/template-loader.php:106
[24-Dec-2020 13:42:16 UTC] PHP   5. get_header() /home/cedcoss/Local Sites/thememanupulation/app/public/wp-content/themes/test/404.php:10
[24-Dec-2020 13:42:16 UTC] PHP   6. locate_template() /home/cedcoss/Local Sites/thememanupulation/app/public/wp-includes/general-template.php:48
[24-Dec-2020 13:42:16 UTC] PHP   7. load_template() /home/cedcoss/Local Sites/thememanupulation/app/public/wp-includes/template.php:676
[24-Dec-2020 13:42:16 UTC] PHP   8. require_once() /home/cedcoss/Local Sites/thememanupulation/app/public/wp-includes/template.php:730
[24-Dec-2020 13:42:16 UTC] PHP Warning:  Use of undefined constant get - assumed 'get' (this will throw an Error in a future version of PHP) in /home/cedcoss/Local Sites/thememanupulation/app/public/wp-content/themes/test/header.php on line 95
[24-Dec-2020 13:42:16 UTC] PHP Stack trace:
[24-Dec-2020 13:42:16 UTC] PHP   1. {main}() /home/cedcoss/Local Sites/thememanupulation/app/public/index.php:0
[24-Dec-2020 13:42:16 UTC] PHP   2. require() /home/cedcoss/Local Sites/thememanupulation/app/public/index.php:17
[24-Dec-2020 13:42:16 UTC] PHP   3. require_once() /home/cedcoss/Local Sites/thememanupulation/app/public/wp-blog-header.php:19
[24-Dec-2020 13:42:16 UTC] PHP   4. include() /home/cedcoss/Local Sites/thememanupulation/app/public/wp-includes/template-loader.php:106
[24-Dec-2020 13:42:16 UTC] PHP   5. get_header() /home/cedcoss/Local Sites/thememanupulation/app/public/wp-content/themes/test/404.php:10
[24-Dec-2020 13:42:16 UTC] PHP   6. locate_template() /home/cedcoss/Local Sites/thememanupulation/app/public/wp-includes/general-template.php:48
[24-Dec-2020 13:42:16 UTC] PHP   7. load_template() /home/cedcoss/Local Sites/thememanupulation/app/public/wp-includes/template.php:676
[24-Dec-2020 13:42:16 UTC] PHP   8. require_once() /home/cedcoss/Local Sites/thememanupulation/app/public/wp-includes/template.php:730
[24-Dec-2020 13:42:16 UTC] PHP Warning:  Use of undefined constant get - assumed 'get' (this will throw an Error in a future version of PHP) in /home/cedcoss/Local Sites/thememanupulation/app/public/wp-content/themes/test/header.php on line 95
[24-Dec-2020 13:42:16 UTC] PHP Stack trace:
[24-Dec-2020 13:42:16 UTC] PHP   1. {main}() /home/cedcoss/Local Sites/thememanupulation/app/public/index.php:0
[24-Dec-2020 13:42:16 UTC] PHP   2. require() /home/cedcoss/Local Sites/thememanupulation/app/public/index.php:17
[24-Dec-2020 13:42:16 UTC] PHP   3. require_once() /home/cedcoss/Local Sites/thememanupulation/app/public/wp-blog-header.php:19
[24-Dec-2020 13:42:16 UTC] PHP   4. include() /home/cedcoss/Local Sites/thememanupulation/app/public/wp-includes/template-loader.php:106
[24-Dec-2020 13:42:16 UTC] PHP   5. get_header() /home/cedcoss/Local Sites/thememanupulation/app/public/wp-content/themes/test/404.php:10
[24-Dec-2020 13:42:16 UTC] PHP   6. locate_template() /home/cedcoss/Local Sites/thememanupulation/app/public/wp-includes/general-template.php:48
[24-Dec-2020 13:42:16 UTC] PHP   7. load_template() /home/cedcoss/Local Sites/thememanupulation/app/public/wp-includes/template.php:676
[24-Dec-2020 13:42:16 UTC] PHP   8. require_once() /home/cedcoss/Local Sites/thememanupulation/app/public/wp-includes/template.php:730
[24-Dec-2020 13:42:16 UTC] PHP Warning:  Use of undefined constant get - assumed 'get' (this will throw an Error in a future version of PHP) in /home/cedcoss/Local Sites/thememanupulation/app/public/wp-content/themes/test/header.php on line 95
[24-Dec-2020 13:42:16 UTC] PHP Stack trace:
[24-Dec-2020 13:42:16 UTC] PHP   1. {main}() /home/cedcoss/Local Sites/thememanupulation/app/public/index.php:0
[24-Dec-2020 13:42:16 UTC] PHP   2. require() /home/cedcoss/Local Sites/thememanupulation/app/public/index.php:17
[24-Dec-2020 13:42:16 UTC] PHP   3. require_once() /home/cedcoss/Local Sites/thememanupulation/app/public/wp-blog-header.php:19
[24-Dec-2020 13:42:16 UTC] PHP   4. include() /home/cedcoss/Local Sites/thememanupulation/app/public/wp-includes/template-loader.php:106
[24-Dec-2020 13:42:16 UTC] PHP   5. get_header() /home/cedcoss/Local Sites/thememanupulation/app/public/wp-content/themes/test/404.php:10
[24-Dec-2020 13:42:16 UTC] PHP   6. locate_template() /home/cedcoss/Local Sites/thememanupulation/app/public/wp-includes/general-template.php:48
[24-Dec-2020 13:42:16 UTC] PHP   7. load_template() /home/cedcoss/Local Sites/thememanupulation/app/public/wp-includes/template.php:676
[24-Dec-2020 13:42:16 UTC] PHP   8. require_once() /home/cedcoss/Local Sites/thememanupulation/app/public/wp-includes/template.php:730
[24-Dec-2020 13:42:16 UTC] PHP Warning:  Use of undefined constant get - assumed 'get' (this will throw an Error in a future version of PHP) in /home/cedcoss/Local Sites/thememanupulation/app/public/wp-content/themes/test/header.php on line 95
[24-Dec-2020 13:42:16 UTC] PHP Stack trace:
[24-Dec-2020 13:42:16 UTC] PHP   1. {main}() /home/cedcoss/Local Sites/thememanupulation/app/public/index.php:0
[24-Dec-2020 13:42:16 UTC] PHP   2. require() /home/cedcoss/Local Sites/thememanupulation/app/public/index.php:17
[24-Dec-2020 13:42:16 UTC] PHP   3. require_once() /home/cedcoss/Local Sites/thememanupulation/app/public/wp-blog-header.php:19
[24-Dec-2020 13:42:16 UTC] PHP   4. include() /home/cedcoss/Local Sites/thememanupulation/app/public/wp-includes/template-loader.php:106
[24-Dec-2020 13:42:16 UTC] PHP   5. get_header() /home/cedcoss/Local Sites/thememanupulation/app/public/wp-content/themes/test/404.php:10
[24-Dec-2020 13:42:16 UTC] PHP   6. locate_template() /home/cedcoss/Local Sites/thememanupulation/app/public/wp-includes/general-template.php:48
[24-Dec-2020 13:42:16 UTC] PHP   7. load_template() /home/cedcoss/Local Sites/thememanupulation/app/public/wp-includes/template.php:676
[24-Dec-2020 13:42:16 UTC] PHP   8. require_once() /home/cedcoss/Local Sites/thememanupulation/app/public/wp-includes/template.php:730
[24-Dec-2020 13:42:16 UTC] PHP Warning:  Use of undefined constant get - assumed 'get' (this will throw an Error in a future version of PHP) in /home/cedcoss/Local Sites/thememanupulation/app/public/wp-content/themes/test/header.php on line 95
[24-Dec-2020 13:42:16 UTC] PHP Stack trace:
[24-Dec-2020 13:42:16 UTC] PHP   1. {main}() /home/cedcoss/Local Sites/thememanupulation/app/public/index.php:0
[24-Dec-2020 13:42:16 UTC] PHP   2. require() /home/cedcoss/Local Sites/thememanupulation/app/public/index.php:17
[24-Dec-2020 13:42:16 UTC] PHP   3. require_once() /home/cedcoss/Local Sites/thememanupulation/app/public/wp-blog-header.php:19
[24-Dec-2020 13:42:16 UTC] PHP   4. include() /home/cedcoss/Local Sites/thememanupulation/app/public/wp-includes/template-loader.php:106
[24-Dec-2020 13:42:16 UTC] PHP   5. get_header() /home/cedcoss/Local Sites/thememanupulation/app/public/wp-content/themes/test/404.php:10
[24-Dec-2020 13:42:16 UTC] PHP   6. locate_template() /home/cedcoss/Local Sites/thememanupulation/app/public/wp-includes/general-template.php:48
[24-Dec-2020 13:42:16 UTC] PHP   7. load_template() /home/cedcoss/Local Sites/thememanupulation/app/public/wp-includes/template.php:676
[24-Dec-2020 13:42:16 UTC] PHP   8. require_once() /home/cedcoss/Local Sites/thememanupulation/app/public/wp-includes/template.php:730
[24-Dec-2020 13:42:16 UTC] PHP Warning:  Use of undefined constant get - assumed 'get' (this will throw an Error in a future version of PHP) in /home/cedcoss/Local Sites/thememanupulation/app/public/wp-content/themes/test/header.php on line 95
[24-Dec-2020 13:42:16 UTC] PHP Stack trace:
[24-Dec-2020 13:42:16 UTC] PHP   1. {main}() /home/cedcoss/Local Sites/thememanupulation/app/public/index.php:0
[24-Dec-2020 13:42:16 UTC] PHP   2. require() /home/cedcoss/Local Sites/thememanupulation/app/public/index.php:17
[24-Dec-2020 13:42:16 UTC] PHP   3. require_once() /home/cedcoss/Local Sites/thememanupulation/app/public/wp-blog-header.php:19
[24-Dec-2020 13:42:16 UTC] PHP   4. include() /home/cedcoss/Local Sites/thememanupulation/app/public/wp-includes/template-loader.php:106
[24-Dec-2020 13:42:16 UTC] PHP   5. get_header() /home/cedcoss/Local Sites/thememanupulation/app/public/wp-content/themes/test/404.php:10
[24-Dec-2020 13:42:16 UTC] PHP   6. locate_template() /home/cedcoss/Local Sites/thememanupulation/app/public/wp-includes/general-template.php:48
[24-Dec-2020 13:42:16 UTC] PHP   7. load_template() /home/cedcoss/Local Sites/thememanupulation/app/public/wp-includes/template.php:676
[24-Dec-2020 13:42:16 UTC] PHP   8. require_once() /home/cedcoss/Local Sites/thememanupulation/app/public/wp-includes/template.php:730
[24-Dec-2020 13:42:16 UTC] PHP Warning:  Use of undefined constant get - assumed 'get' (this will throw an Error in a future version of PHP) in /home/cedcoss/Local Sites/thememanupulation/app/public/wp-content/themes/test/header.php on line 95
[24-Dec-2020 13:42:16 UTC] PHP Stack trace:
[24-Dec-2020 13:42:16 UTC] PHP   1. {main}() /home/cedcoss/Local Sites/thememanupulation/app/public/index.php:0
[24-Dec-2020 13:42:16 UTC] PHP   2. require() /home/cedcoss/Local Sites/thememanupulation/app/public/index.php:17
[24-Dec-2020 13:42:16 UTC] PHP   3. require_once() /home/cedcoss/Local Sites/thememanupulation/app/public/wp-blog-header.php:19
[24-Dec-2020 13:42:16 UTC] PHP   4. include() /home/cedcoss/Local Sites/thememanupulation/app/public/wp-includes/template-loader.php:106
[24-Dec-2020 13:42:16 UTC] PHP   5. get_header() /home/cedcoss/Local Sites/thememanupulation/app/public/wp-content/themes/test/404.php:10
[24-Dec-2020 13:42:16 UTC] PHP   6. locate_template() /home/cedcoss/Local Sites/thememanupulation/app/public/wp-includes/general-template.php:48
[24-Dec-2020 13:42:16 UTC] PHP   7. load_template() /home/cedcoss/Local Sites/thememanupulation/app/public/wp-includes/template.php:676
[24-Dec-2020 13:42:16 UTC] PHP   8. require_once() /home/cedcoss/Local Sites/thememanupulation/app/public/wp-includes/template.php:730
[24-Dec-2020 13:42:16 UTC] PHP Warning:  Use of undefined constant get - assumed 'get' (this will throw an Error in a future version of PHP) in /home/cedcoss/Local Sites/thememanupulation/app/public/wp-content/themes/test/header.php on line 95
[24-Dec-2020 13:42:16 UTC] PHP Stack trace:
[24-Dec-2020 13:42:16 UTC] PHP   1. {main}() /home/cedcoss/Local Sites/thememanupulation/app/public/index.php:0
[24-Dec-2020 13:42:16 UTC] PHP   2. require() /home/cedcoss/Local Sites/thememanupulation/app/public/index.php:17
[24-Dec-2020 13:42:16 UTC] PHP   3. require_once() /home/cedcoss/Local Sites/thememanupulation/app/public/wp-blog-header.php:19
[24-Dec-2020 13:42:16 UTC] PHP   4. include() /home/cedcoss/Local Sites/thememanupulation/app/public/wp-includes/template-loader.php:106
[24-Dec-2020 13:42:16 UTC] PHP   5. get_header() /home/cedcoss/Local Sites/thememanupulation/app/public/wp-content/themes/test/404.php:10
[24-Dec-2020 13:42:16 UTC] PHP   6. locate_template() /home/cedcoss/Local Sites/thememanupulation/app/public/wp-includes/general-template.php:48
[24-Dec-2020 13:42:16 UTC] PHP   7. load_template() /home/cedcoss/Local Sites/thememanupulation/app/public/wp-includes/template.php:676
[24-Dec-2020 13:42:16 UTC] PHP   8. require_once() /home/cedcoss/Local Sites/thememanupulation/app/public/wp-includes/template.php:730
[24-Dec-2020 13:42:16 UTC] PHP Warning:  Use of undefined constant get - assumed 'get' (this will throw an Error in a future version of PHP) in /home/cedcoss/Local Sites/thememanupulation/app/public/wp-content/themes/test/header.php on line 95
[24-Dec-2020 13:42:16 UTC] PHP Stack trace:
[24-Dec-2020 13:42:16 UTC] PHP   1. {main}() /home/cedcoss/Local Sites/thememanupulation/app/public/index.php:0
[24-Dec-2020 13:42:16 UTC] PHP   2. require() /home/cedcoss/Local Sites/thememanupulation/app/public/index.php:17
[24-Dec-2020 13:42:16 UTC] PHP   3. require_once() /home/cedcoss/Local Sites/thememanupulation/app/public/wp-blog-header.php:19
[24-Dec-2020 13:42:16 UTC] PHP   4. include() /home/cedcoss/Local Sites/thememanupulation/app/public/wp-includes/template-loader.php:106
[24-Dec-2020 13:42:16 UTC] PHP   5. get_header() /home/cedcoss/Local Sites/thememanupulation/app/public/wp-content/themes/test/404.php:10
[24-Dec-2020 13:42:16 UTC] PHP   6. locate_template() /home/cedcoss/Local Sites/thememanupulation/app/public/wp-includes/general-template.php:48
[24-Dec-2020 13:42:16 UTC] PHP   7. load_template() /home/cedcoss/Local Sites/thememanupulation/app/public/wp-includes/template.php:676
[24-Dec-2020 13:42:16 UTC] PHP   8. require_once() /home/cedcoss/Local Sites/thememanupulation/app/public/wp-includes/template.php:730
[24-Dec-2020 13:42:16 UTC] PHP Warning:  Use of undefined constant get - assumed 'get' (this will throw an Error in a future version of PHP) in /home/cedcoss/Local Sites/thememanupulation/app/public/wp-content/themes/test/header.php on line 95
[24-Dec-2020 13:42:16 UTC] PHP Stack trace:
[24-Dec-2020 13:42:16 UTC] PHP   1. {main}() /home/cedcoss/Local Sites/thememanupulation/app/public/index.php:0
[24-Dec-2020 13:42:16 UTC] PHP   2. require() /home/cedcoss/Local Sites/thememanupulation/app/public/index.php:17
[24-Dec-2020 13:42:16 UTC] PHP   3. require_once() /home/cedcoss/Local Sites/thememanupulation/app/public/wp-blog-header.php:19
[24-Dec-2020 13:42:16 UTC] PHP   4. include() /home/cedcoss/Local Sites/thememanupulation/app/public/wp-includes/template-loader.php:106
[24-Dec-2020 13:42:16 UTC] PHP   5. get_header() /home/cedcoss/Local Sites/thememanupulation/app/public/wp-content/themes/test/404.php:10
[24-Dec-2020 13:42:16 UTC] PHP   6. locate_template() /home/cedcoss/Local Sites/thememanupulation/app/public/wp-includes/general-template.php:48
[24-Dec-2020 13:42:16 UTC] PHP   7. load_template() /home/cedcoss/Local Sites/thememanupulation/app/public/wp-includes/template.php:676
[24-Dec-2020 13:42:16 UTC] PHP   8. require_once() /home/cedcoss/Local Sites/thememanupulation/app/public/wp-includes/template.php:730
[24-Dec-2020 14:13:59 UTC] PHP Parse error:  syntax error, unexpected '<' in /home/cedcoss/Local Sites/thememanupulation/app/public/wp-content/themes/theme-manupulation/functions.php on line 161
[24-Dec-2020 14:15:59 UTC] PHP Parse error:  syntax error, unexpected '<' in /home/cedcoss/Local Sites/thememanupulation/app/public/wp-content/themes/theme-manupulation/functions.php on line 161
[24-Dec-2020 14:17:59 UTC] PHP Parse error:  syntax error, unexpected '<' in /home/cedcoss/Local Sites/thememanupulation/app/public/wp-content/themes/theme-manupulation/functions.php on line 161
[24-Dec-2020 14:19:59 UTC] PHP Parse error:  syntax error, unexpected '<' in /home/cedcoss/Local Sites/thememanupulation/app/public/wp-content/themes/theme-manupulation/functions.php on line 161
[24-Dec-2020 14:21:59 UTC] PHP Parse error:  syntax error, unexpected 's' (T_STRING) in /home/cedcoss/Local Sites/thememanupulation/app/public/wp-content/themes/theme-manupulation/functions.php on line 165
[24-Dec-2020 14:24:08 UTC] PHP Fatal error:  Uncaught Error: Call to undefined function wp_enque_script() in /home/cedcoss/Local Sites/thememanupulation/app/public/wp-content/themes/theme-manupulation/functions.php:160
Stack trace:
#0 /home/cedcoss/Local Sites/thememanupulation/app/public/wp-includes/class-wp-hook.php(287): theme_manupulation_scripts('')
#1 /home/cedcoss/Local Sites/thememanupulation/app/public/wp-includes/class-wp-hook.php(311): WP_Hook->apply_filters(NULL, Array)
#2 /home/cedcoss/Local Sites/thememanupulation/app/public/wp-includes/plugin.php(484): WP_Hook->do_action(Array)
#3 /home/cedcoss/Local Sites/thememanupulation/app/public/wp-includes/script-loader.php(2004): do_action('wp_enqueue_scri...')
#4 /home/cedcoss/Local Sites/thememanupulation/app/public/wp-includes/class-wp-hook.php(287): wp_enqueue_scripts('')
#5 /home/cedcoss/Local Sites/thememanupulation/app/public/wp-includes/class-wp-hook.php(311): WP_Hook->apply_filters(NULL, Array)
#6 /home/cedcoss/Local Sites/thememanupulation/app/public/wp-includes/plugin.php(484): WP_Hook- in /home/cedcoss/Local Sites/thememanupulation/app/public/wp-content/themes/theme-manupulation/functions.php on line 160
[24-Dec-2020 14:29:59 UTC] PHP Parse error:  syntax error, unexpected ';', expecting ')' in /home/cedcoss/Local Sites/thememanupulation/app/public/wp-content/themes/theme-manupulation/functions.php on line 169
[24-Dec-2020 14:31:59 UTC] PHP Parse error:  syntax error, unexpected ';', expecting ')' in /home/cedcoss/Local Sites/thememanupulation/app/public/wp-content/themes/theme-manupulation/functions.php on line 169
[25-Dec-2020 04:23:54 UTC] PHP Fatal error:  Uncaught Error: Call to undefined function get_header() in /home/cedcoss/Local Sites/thememanupulation/app/public/wp-content/themes/theme-manupulation/index.php:15
Stack trace:
#0 {main}
  thrown in /home/cedcoss/Local Sites/thememanupulation/app/public/wp-content/themes/theme-manupulation/index.php on line 15
[25-Dec-2020 04:40:47 UTC] PHP Fatal error:  Uncaught Error: Call to undefined function get_header() in /home/cedcoss/Local Sites/thememanupulation/app/public/wp-content/themes/theme-manupulation/about.php:15
Stack trace:
#0 {main}
  thrown in /home/cedcoss/Local Sites/thememanupulation/app/public/wp-content/themes/theme-manupulation/about.php on line 15
[25-Dec-2020 04:42:19 UTC] PHP Fatal error:  Uncaught Error: Call to undefined function get_header() in /home/cedcoss/Local Sites/thememanupulation/app/public/wp-content/themes/theme-manupulation/about.php:15
Stack trace:
#0 {main}
  thrown in /home/cedcoss/Local Sites/thememanupulation/app/public/wp-content/themes/theme-manupulation/about.php on line 15
[28-Dec-2020 09:48:56 UTC] PHP Fatal error:  Uncaught Error: Call to undefined function the_comments() in /home/cedcoss/Local Sites/thememanupulation/app/public/wp-content/themes/theme-manupulation/home.php:166
Stack trace:
#0 /home/cedcoss/Local Sites/thememanupulation/app/public/wp-includes/template-loader.php(106): include()
#1 /home/cedcoss/Local Sites/thememanupulation/app/public/wp-blog-header.php(19): require_once('/home/cedcoss/L...')
#2 /home/cedcoss/Local Sites/thememanupulation/app/public/index.php(17): require('/home/cedcoss/L...')
#3 {main}
  thrown in /home/cedcoss/Local Sites/thememanupulation/app/public/wp-content/themes/theme-manupulation/home.php on line 166
[28-Dec-2020 10:16:56 UTC] PHP Fatal error:  Uncaught Error: Call to undefined function comments_count() in /home/cedcoss/Local Sites/thememanupulation/app/public/wp-content/themes/theme-manupulation/page-blogentries.php:67
Stack trace:
#0 /home/cedcoss/Local Sites/thememanupulation/app/public/wp-includes/template-loader.php(106): include()
#1 /home/cedcoss/Local Sites/thememanupulation/app/public/wp-blog-header.php(19): require_once('/home/cedcoss/L...')
#2 /home/cedcoss/Local Sites/thememanupulation/app/public/index.php(17): require('/home/cedcoss/L...')
#3 {main}
  thrown in /home/cedcoss/Local Sites/thememanupulation/app/public/wp-content/themes/theme-manupulation/page-blogentries.php on line 67
[28-Dec-2020 10:19:32 UTC] PHP Warning:  Use of undefined constant php - assumed 'php' (this will throw an Error in a future version of PHP) in /home/cedcoss/Local Sites/thememanupulation/app/public/wp-content/themes/theme-manupulation/page-blogentries.php on line 69
[28-Dec-2020 10:19:32 UTC] PHP Stack trace:
[28-Dec-2020 10:19:32 UTC] PHP   1. {main}() /home/cedcoss/Local Sites/thememanupulation/app/public/index.php:0
[28-Dec-2020 10:19:32 UTC] PHP   2. require() /home/cedcoss/Local Sites/thememanupulation/app/public/index.php:17
[28-Dec-2020 10:19:32 UTC] PHP   3. require_once() /home/cedcoss/Local Sites/thememanupulation/app/public/wp-blog-header.php:19
[28-Dec-2020 10:19:32 UTC] PHP   4. include() /home/cedcoss/Local Sites/thememanupulation/app/public/wp-includes/template-loader.php:106
[28-Dec-2020 10:20:34 UTC] PHP Fatal error:  Uncaught Error: Call to undefined function the_exerpts() in /home/cedcoss/Local Sites/thememanupulation/app/public/wp-content/themes/theme-manupulation/page-blogentries.php:69
Stack trace:
#0 /home/cedcoss/Local Sites/thememanupulation/app/public/wp-includes/template-loader.php(106): include()
#1 /home/cedcoss/Local Sites/thememanupulation/app/public/wp-blog-header.php(19): require_once('/home/cedcoss/L...')
#2 /home/cedcoss/Local Sites/thememanupulation/app/public/index.php(17): require('/home/cedcoss/L...')
#3 {main}
  thrown in /home/cedcoss/Local Sites/thememanupulation/app/public/wp-content/themes/theme-manupulation/page-blogentries.php on line 69
[28-Dec-2020 10:21:05 UTC] PHP Fatal error:  Uncaught Error: Call to undefined function the_exerpt() in /home/cedcoss/Local Sites/thememanupulation/app/public/wp-content/themes/theme-manupulation/page-blogentries.php:69
Stack trace:
#0 /home/cedcoss/Local Sites/thememanupulation/app/public/wp-includes/template-loader.php(106): include()
#1 /home/cedcoss/Local Sites/thememanupulation/app/public/wp-blog-header.php(19): require_once('/home/cedcoss/L...')
#2 /home/cedcoss/Local Sites/thememanupulation/app/public/index.php(17): require('/home/cedcoss/L...')
#3 {main}
  thrown in /home/cedcoss/Local Sites/thememanupulation/app/public/wp-content/themes/theme-manupulation/page-blogentries.php on line 69
[28-Dec-2020 10:21:07 UTC] PHP Fatal error:  Uncaught Error: Call to undefined function the_exerpt() in /home/cedcoss/Local Sites/thememanupulation/app/public/wp-content/themes/theme-manupulation/page-blogentries.php:69
Stack trace:
#0 /home/cedcoss/Local Sites/thememanupulation/app/public/wp-includes/template-loader.php(106): include()
#1 /home/cedcoss/Local Sites/thememanupulation/app/public/wp-blog-header.php(19): require_once('/home/cedcoss/L...')
#2 /home/cedcoss/Local Sites/thememanupulation/app/public/index.php(17): require('/home/cedcoss/L...')
#3 {main}
  thrown in /home/cedcoss/Local Sites/thememanupulation/app/public/wp-content/themes/theme-manupulation/page-blogentries.php on line 69
[28-Dec-2020 10:21:07 UTC] PHP Fatal error:  Uncaught Error: Call to undefined function the_exerpt() in /home/cedcoss/Local Sites/thememanupulation/app/public/wp-content/themes/theme-manupulation/page-blogentries.php:69
Stack trace:
#0 /home/cedcoss/Local Sites/thememanupulation/app/public/wp-includes/template-loader.php(106): include()
#1 /home/cedcoss/Local Sites/thememanupulation/app/public/wp-blog-header.php(19): require_once('/home/cedcoss/L...')
#2 /home/cedcoss/Local Sites/thememanupulation/app/public/index.php(17): require('/home/cedcoss/L...')
#3 {main}
  thrown in /home/cedcoss/Local Sites/thememanupulation/app/public/wp-content/themes/theme-manupulation/page-blogentries.php on line 69
[28-Dec-2020 10:21:07 UTC] PHP Fatal error:  Uncaught Error: Call to undefined function the_exerpt() in /home/cedcoss/Local Sites/thememanupulation/app/public/wp-content/themes/theme-manupulation/page-blogentries.php:69
Stack trace:
#0 /home/cedcoss/Local Sites/thememanupulation/app/public/wp-includes/template-loader.php(106): include()
#1 /home/cedcoss/Local Sites/thememanupulation/app/public/wp-blog-header.php(19): require_once('/home/cedcoss/L...')
#2 /home/cedcoss/Local Sites/thememanupulation/app/public/index.php(17): require('/home/cedcoss/L...')
#3 {main}
  thrown in /home/cedcoss/Local Sites/thememanupulation/app/public/wp-content/themes/theme-manupulation/page-blogentries.php on line 69
[28-Dec-2020 10:21:07 UTC] PHP Fatal error:  Uncaught Error: Call to undefined function the_exerpt() in /home/cedcoss/Local Sites/thememanupulation/app/public/wp-content/themes/theme-manupulation/page-blogentries.php:69
Stack trace:
#0 /home/cedcoss/Local Sites/thememanupulation/app/public/wp-includes/template-loader.php(106): include()
#1 /home/cedcoss/Local Sites/thememanupulation/app/public/wp-blog-header.php(19): require_once('/home/cedcoss/L...')
#2 /home/cedcoss/Local Sites/thememanupulation/app/public/index.php(17): require('/home/cedcoss/L...')
#3 {main}
  thrown in /home/cedcoss/Local Sites/thememanupulation/app/public/wp-content/themes/theme-manupulation/page-blogentries.php on line 69
[28-Dec-2020 10:21:07 UTC] PHP Fatal error:  Uncaught Error: Call to undefined function the_exerpt() in /home/cedcoss/Local Sites/thememanupulation/app/public/wp-content/themes/theme-manupulation/page-blogentries.php:69
Stack trace:
#0 /home/cedcoss/Local Sites/thememanupulation/app/public/wp-includes/template-loader.php(106): include()
#1 /home/cedcoss/Local Sites/thememanupulation/app/public/wp-blog-header.php(19): require_once('/home/cedcoss/L...')
#2 /home/cedcoss/Local Sites/thememanupulation/app/public/index.php(17): require('/home/cedcoss/L...')
#3 {main}
  thrown in /home/cedcoss/Local Sites/thememanupulation/app/public/wp-content/themes/theme-manupulation/page-blogentries.php on line 69
[28-Dec-2020 10:36:52 UTC] PHP Fatal error:  Uncaught Error: Call to undefined function the_post_content() in /home/cedcoss/Local Sites/thememanupulation/app/public/wp-content/themes/theme-manupulation/page-postdetails.php:69
Stack trace:
#0 /home/cedcoss/Local Sites/thememanupulation/app/public/wp-includes/template-loader.php(106): include()
#1 /home/cedcoss/Local Sites/thememanupulation/app/public/wp-blog-header.php(19): require_once('/home/cedcoss/L...')
#2 /home/cedcoss/Local Sites/thememanupulation/app/public/index.php(17): require('/home/cedcoss/L...')
#3 {main}
  thrown in /home/cedcoss/Local Sites/thememanupulation/app/public/wp-content/themes/theme-manupulation/page-postdetails.php on line 69
[28-Dec-2020 10:37:01 UTC] PHP Fatal error:  Uncaught Error: Call to undefined function post_content() in /home/cedcoss/Local Sites/thememanupulation/app/public/wp-content/themes/theme-manupulation/page-postdetails.php:69
Stack trace:
#0 /home/cedcoss/Local Sites/thememanupulation/app/public/wp-includes/template-loader.php(106): include()
#1 /home/cedcoss/Local Sites/thememanupulation/app/public/wp-blog-header.php(19): require_once('/home/cedcoss/L...')
#2 /home/cedcoss/Local Sites/thememanupulation/app/public/index.php(17): require('/home/cedcoss/L...')
#3 {main}
  thrown in /home/cedcoss/Local Sites/thememanupulation/app/public/wp-content/themes/theme-manupulation/page-postdetails.php on line 69
[28-Dec-2020 10:37:51 UTC] PHP Fatal error:  Uncaught Error: Call to undefined function get_post_content() in /home/cedcoss/Local Sites/thememanupulation/app/public/wp-content/themes/theme-manupulation/page-postdetails.php:69
Stack trace:
#0 /home/cedcoss/Local Sites/thememanupulation/app/public/wp-includes/template-loader.php(106): include()
#1 /home/cedcoss/Local Sites/thememanupulation/app/public/wp-blog-header.php(19): require_once('/home/cedcoss/L...')
#2 /home/cedcoss/Local Sites/thememanupulation/app/public/index.php(17): require('/home/cedcoss/L...')
#3 {main}
  thrown in /home/cedcoss/Local Sites/thememanupulation/app/public/wp-content/themes/theme-manupulation/page-postdetails.php on line 69
[28-Dec-2020 10:38:31 UTC] PHP Fatal error:  Uncaught Error: Call to undefined function post_content() in /home/cedcoss/Local Sites/thememanupulation/app/public/wp-content/themes/theme-manupulation/page-postdetails.php:69
Stack trace:
#0 /home/cedcoss/Local Sites/thememanupulation/app/public/wp-includes/template-loader.php(106): include()
#1 /home/cedcoss/Local Sites/thememanupulation/app/public/wp-blog-header.php(19): require_once('/home/cedcoss/L...')
#2 /home/cedcoss/Local Sites/thememanupulation/app/public/index.php(17): require('/home/cedcoss/L...')
#3 {main}
  thrown in /home/cedcoss/Local Sites/thememanupulation/app/public/wp-content/themes/theme-manupulation/page-postdetails.php on line 69
[28-Dec-2020 10:48:58 UTC] PHP Fatal error:  Uncaught Error: Call to undefined function get_the_post_content() in /home/cedcoss/Local Sites/thememanupulation/app/public/wp-content/themes/theme-manupulation/page-postdetails.php:69
Stack trace:
#0 /home/cedcoss/Local Sites/thememanupulation/app/public/wp-includes/template-loader.php(106): include()
#1 /home/cedcoss/Local Sites/thememanupulation/app/public/wp-blog-header.php(19): require_once('/home/cedcoss/L...')
#2 /home/cedcoss/Local Sites/thememanupulation/app/public/index.php(17): require('/home/cedcoss/L...')
#3 {main}
  thrown in /home/cedcoss/Local Sites/thememanupulation/app/public/wp-content/themes/theme-manupulation/page-postdetails.php on line 69
[28-Dec-2020 10:57:21 UTC] PHP Parse error:  syntax error, unexpected end of file in /home/cedcoss/Local Sites/thememanupulation/app/public/wp-content/themes/theme-manupulation/page-postdetails.php on line 255
[28-Dec-2020 11:08:18 UTC] PHP Fatal error:  Uncaught Error: Call to undefined function get_post_id() in /home/cedcoss/Local Sites/thememanupulation/app/public/wp-content/themes/theme-manupulation/page-blogentries.php:64
Stack trace:
#0 /home/cedcoss/Local Sites/thememanupulation/app/public/wp-includes/template-loader.php(106): include()
#1 /home/cedcoss/Local Sites/thememanupulation/app/public/wp-blog-header.php(19): require_once('/home/cedcoss/L...')
#2 /home/cedcoss/Local Sites/thememanupulation/app/public/index.php(17): require('/home/cedcoss/L...')
#3 {main}
  thrown in /home/cedcoss/Local Sites/thememanupulation/app/public/wp-content/themes/theme-manupulation/page-blogentries.php on line 64
[28-Dec-2020 12:56:05 UTC] PHP Fatal error:  Uncaught Error: Function name must be a string in /home/cedcoss/Local Sites/thememanupulation/app/public/wp-content/themes/theme-manupulation/single-post.php:200
Stack trace:
#0 /home/cedcoss/Local Sites/thememanupulation/app/public/wp-includes/template-loader.php(106): include()
#1 /home/cedcoss/Local Sites/thememanupulation/app/public/wp-blog-header.php(19): require_once('/home/cedcoss/L...')
#2 /home/cedcoss/Local Sites/thememanupulation/app/public/index.php(17): require('/home/cedcoss/L...')
#3 {main}
  thrown in /home/cedcoss/Local Sites/thememanupulation/app/public/wp-content/themes/theme-manupulation/single-post.php on line 200
[28-Dec-2020 12:56:06 UTC] PHP Fatal error:  Uncaught Error: Function name must be a string in /home/cedcoss/Local Sites/thememanupulation/app/public/wp-content/themes/theme-manupulation/single-post.php:200
Stack trace:
#0 /home/cedcoss/Local Sites/thememanupulation/app/public/wp-includes/template-loader.php(106): include()
#1 /home/cedcoss/Local Sites/thememanupulation/app/public/wp-blog-header.php(19): require_once('/home/cedcoss/L...')
#2 /home/cedcoss/Local Sites/thememanupulation/app/public/index.php(17): require('/home/cedcoss/L...')
#3 {main}
  thrown in /home/cedcoss/Local Sites/thememanupulation/app/public/wp-content/themes/theme-manupulation/single-post.php on line 200
[28-Dec-2020 12:56:07 UTC] PHP Fatal error:  Uncaught Error: Function name must be a string in /home/cedcoss/Local Sites/thememanupulation/app/public/wp-content/themes/theme-manupulation/single-post.php:200
Stack trace:
#0 /home/cedcoss/Local Sites/thememanupulation/app/public/wp-includes/template-loader.php(106): include()
#1 /home/cedcoss/Local Sites/thememanupulation/app/public/wp-blog-header.php(19): require_once('/home/cedcoss/L...')
#2 /home/cedcoss/Local Sites/thememanupulation/app/public/index.php(17): require('/home/cedcoss/L...')
#3 {main}
  thrown in /home/cedcoss/Local Sites/thememanupulation/app/public/wp-content/themes/theme-manupulation/single-post.php on line 200
[28-Dec-2020 12:56:08 UTC] PHP Fatal error:  Uncaught Error: Function name must be a string in /home/cedcoss/Local Sites/thememanupulation/app/public/wp-content/themes/theme-manupulation/single-post.php:200
Stack trace:
#0 /home/cedcoss/Local Sites/thememanupulation/app/public/wp-includes/template-loader.php(106): include()
#1 /home/cedcoss/Local Sites/thememanupulation/app/public/wp-blog-header.php(19): require_once('/home/cedcoss/L...')
#2 /home/cedcoss/Local Sites/thememanupulation/app/public/index.php(17): require('/home/cedcoss/L...')
#3 {main}
  thrown in /home/cedcoss/Local Sites/thememanupulation/app/public/wp-content/themes/theme-manupulation/single-post.php on line 200
[28-Dec-2020 12:56:09 UTC] PHP Fatal error:  Uncaught Error: Function name must be a string in /home/cedcoss/Local Sites/thememanupulation/app/public/wp-content/themes/theme-manupulation/single-post.php:200
Stack trace:
#0 /home/cedcoss/Local Sites/thememanupulation/app/public/wp-includes/template-loader.php(106): include()
#1 /home/cedcoss/Local Sites/thememanupulation/app/public/wp-blog-header.php(19): require_once('/home/cedcoss/L...')
#2 /home/cedcoss/Local Sites/thememanupulation/app/public/index.php(17): require('/home/cedcoss/L...')
#3 {main}
  thrown in /home/cedcoss/Local Sites/thememanupulation/app/public/wp-content/themes/theme-manupulation/single-post.php on line 200
[28-Dec-2020 12:56:09 UTC] PHP Fatal error:  Uncaught Error: Function name must be a string in /home/cedcoss/Local Sites/thememanupulation/app/public/wp-content/themes/theme-manupulation/single-post.php:200
Stack trace:
#0 /home/cedcoss/Local Sites/thememanupulation/app/public/wp-includes/template-loader.php(106): include()
#1 /home/cedcoss/Local Sites/thememanupulation/app/public/wp-blog-header.php(19): require_once('/home/cedcoss/L...')
#2 /home/cedcoss/Local Sites/thememanupulation/app/public/index.php(17): require('/home/cedcoss/L...')
#3 {main}
  thrown in /home/cedcoss/Local Sites/thememanupulation/app/public/wp-content/themes/theme-manupulation/single-post.php on line 200
[28-Dec-2020 12:56:09 UTC] PHP Fatal error:  Uncaught Error: Function name must be a string in /home/cedcoss/Local Sites/thememanupulation/app/public/wp-content/themes/theme-manupulation/single-post.php:200
Stack trace:
#0 /home/cedcoss/Local Sites/thememanupulation/app/public/wp-includes/template-loader.php(106): include()
#1 /home/cedcoss/Local Sites/thememanupulation/app/public/wp-blog-header.php(19): require_once('/home/cedcoss/L...')
#2 /home/cedcoss/Local Sites/thememanupulation/app/public/index.php(17): require('/home/cedcoss/L...')
#3 {main}
  thrown in /home/cedcoss/Local Sites/thememanupulation/app/public/wp-content/themes/theme-manupulation/single-post.php on line 200
[28-Dec-2020 12:56:09 UTC] PHP Fatal error:  Uncaught Error: Function name must be a string in /home/cedcoss/Local Sites/thememanupulation/app/public/wp-content/themes/theme-manupulation/single-post.php:200
Stack trace:
#0 /home/cedcoss/Local Sites/thememanupulation/app/public/wp-includes/template-loader.php(106): include()
#1 /home/cedcoss/Local Sites/thememanupulation/app/public/wp-blog-header.php(19): require_once('/home/cedcoss/L...')
#2 /home/cedcoss/Local Sites/thememanupulation/app/public/index.php(17): require('/home/cedcoss/L...')
#3 {main}
  thrown in /home/cedcoss/Local Sites/thememanupulation/app/public/wp-content/themes/theme-manupulation/single-post.php on line 200
[28-Dec-2020 12:56:10 UTC] PHP Fatal error:  Uncaught Error: Function name must be a string in /home/cedcoss/Local Sites/thememanupulation/app/public/wp-content/themes/theme-manupulation/single-post.php:200
Stack trace:
#0 /home/cedcoss/Local Sites/thememanupulation/app/public/wp-includes/template-loader.php(106): include()
#1 /home/cedcoss/Local Sites/thememanupulation/app/public/wp-blog-header.php(19): require_once('/home/cedcoss/L...')
#2 /home/cedcoss/Local Sites/thememanupulation/app/public/index.php(17): require('/home/cedcoss/L...')
#3 {main}
  thrown in /home/cedcoss/Local Sites/thememanupulation/app/public/wp-content/themes/theme-manupulation/single-post.php on line 200
[28-Dec-2020 12:56:10 UTC] PHP Fatal error:  Uncaught Error: Function name must be a string in /home/cedcoss/Local Sites/thememanupulation/app/public/wp-content/themes/theme-manupulation/single-post.php:200
Stack trace:
#0 /home/cedcoss/Local Sites/thememanupulation/app/public/wp-includes/template-loader.php(106): include()
#1 /home/cedcoss/Local Sites/thememanupulation/app/public/wp-blog-header.php(19): require_once('/home/cedcoss/L...')
#2 /home/cedcoss/Local Sites/thememanupulation/app/public/index.php(17): require('/home/cedcoss/L...')
#3 {main}
  thrown in /home/cedcoss/Local Sites/thememanupulation/app/public/wp-content/themes/theme-manupulation/single-post.php on line 200
[28-Dec-2020 12:56:10 UTC] PHP Fatal error:  Uncaught Error: Function name must be a string in /home/cedcoss/Local Sites/thememanupulation/app/public/wp-content/themes/theme-manupulation/single-post.php:200
Stack trace:
#0 /home/cedcoss/Local Sites/thememanupulation/app/public/wp-includes/template-loader.php(106): include()
#1 /home/cedcoss/Local Sites/thememanupulation/app/public/wp-blog-header.php(19): require_once('/home/cedcoss/L...')
#2 /home/cedcoss/Local Sites/thememanupulation/app/public/index.php(17): require('/home/cedcoss/L...')
#3 {main}
  thrown in /home/cedcoss/Local Sites/thememanupulation/app/public/wp-content/themes/theme-manupulation/single-post.php on line 200
[28-Dec-2020 12:56:10 UTC] PHP Fatal error:  Uncaught Error: Function name must be a string in /home/cedcoss/Local Sites/thememanupulation/app/public/wp-content/themes/theme-manupulation/single-post.php:200
Stack trace:
#0 /home/cedcoss/Local Sites/thememanupulation/app/public/wp-includes/template-loader.php(106): include()
#1 /home/cedcoss/Local Sites/thememanupulation/app/public/wp-blog-header.php(19): require_once('/home/cedcoss/L...')
#2 /home/cedcoss/Local Sites/thememanupulation/app/public/index.php(17): require('/home/cedcoss/L...')
#3 {main}
  thrown in /home/cedcoss/Local Sites/thememanupulation/app/public/wp-content/themes/theme-manupulation/single-post.php on line 200
[28-Dec-2020 12:56:11 UTC] PHP Fatal error:  Uncaught Error: Function name must be a string in /home/cedcoss/Local Sites/thememanupulation/app/public/wp-content/themes/theme-manupulation/single-post.php:200
Stack trace:
#0 /home/cedcoss/Local Sites/thememanupulation/app/public/wp-includes/template-loader.php(106): include()
#1 /home/cedcoss/Local Sites/thememanupulation/app/public/wp-blog-header.php(19): require_once('/home/cedcoss/L...')
#2 /home/cedcoss/Local Sites/thememanupulation/app/public/index.php(17): require('/home/cedcoss/L...')
#3 {main}
  thrown in /home/cedcoss/Local Sites/thememanupulation/app/public/wp-content/themes/theme-manupulation/single-post.php on line 200
[28-Dec-2020 12:56:11 UTC] PHP Fatal error:  Uncaught Error: Function name must be a string in /home/cedcoss/Local Sites/thememanupulation/app/public/wp-content/themes/theme-manupulation/single-post.php:200
Stack trace:
#0 /home/cedcoss/Local Sites/thememanupulation/app/public/wp-includes/template-loader.php(106): include()
#1 /home/cedcoss/Local Sites/thememanupulation/app/public/wp-blog-header.php(19): require_once('/home/cedcoss/L...')
#2 /home/cedcoss/Local Sites/thememanupulation/app/public/index.php(17): require('/home/cedcoss/L...')
#3 {main}
  thrown in /home/cedcoss/Local Sites/thememanupulation/app/public/wp-content/themes/theme-manupulation/single-post.php on line 200
[28-Dec-2020 12:56:11 UTC] PHP Fatal error:  Uncaught Error: Function name must be a string in /home/cedcoss/Local Sites/thememanupulation/app/public/wp-content/themes/theme-manupulation/single-post.php:200
Stack trace:
#0 /home/cedcoss/Local Sites/thememanupulation/app/public/wp-includes/template-loader.php(106): include()
#1 /home/cedcoss/Local Sites/thememanupulation/app/public/wp-blog-header.php(19): require_once('/home/cedcoss/L...')
#2 /home/cedcoss/Local Sites/thememanupulation/app/public/index.php(17): require('/home/cedcoss/L...')
#3 {main}
  thrown in /home/cedcoss/Local Sites/thememanupulation/app/public/wp-content/themes/theme-manupulation/single-post.php on line 200
[28-Dec-2020 13:03:53 UTC] PHP Parse error:  syntax error, unexpected end of file in /home/cedcoss/Local Sites/thememanupulation/app/public/wp-content/themes/theme-manupulation/page-blogentries.php on line 171
[28-Dec-2020 13:05:13 UTC] PHP Parse error:  syntax error, unexpected end of file, expecting elseif (T_ELSEIF) or else (T_ELSE) or endif (T_ENDIF) in /home/cedcoss/Local Sites/thememanupulation/app/public/wp-content/themes/theme-manupulation/page-blogentries.php on line 171
[28-Dec-2020 13:05:18 UTC] PHP Parse error:  syntax error, unexpected end of file, expecting elseif (T_ELSEIF) or else (T_ELSE) or endif (T_ENDIF) in /home/cedcoss/Local Sites/thememanupulation/app/public/wp-content/themes/theme-manupulation/page-blogentries.php on line 171
[28-Dec-2020 13:09:03 UTC] PHP Fatal error:  Uncaught Error: Call to undefined function the_conetent() in /home/cedcoss/Local Sites/thememanupulation/app/public/wp-content/themes/theme-manupulation/page-blogentries.php:69
Stack trace:
#0 /home/cedcoss/Local Sites/thememanupulation/app/public/wp-includes/template-loader.php(106): include()
#1 /home/cedcoss/Local Sites/thememanupulation/app/public/wp-blog-header.php(19): require_once('/home/cedcoss/L...')
#2 /home/cedcoss/Local Sites/thememanupulation/app/public/index.php(17): require('/home/cedcoss/L...')
#3 {main}
  thrown in /home/cedcoss/Local Sites/thememanupulation/app/public/wp-content/themes/theme-manupulation/page-blogentries.php on line 69
[28-Dec-2020 14:35:44 UTC] PHP Parse error:  syntax error, unexpected '" alt='default-image'>;?>' (T_CONSTANT_ENCAPSED_STRING), expecting ',' or ';' in /home/cedcoss/Local Sites/thememanupulation/app/public/wp-content/themes/theme-manupulation/front-page.php on line 29
[28-Dec-2020 14:36:10 UTC] PHP Parse error:  syntax error, unexpected '">;?>' (T_CONSTANT_ENCAPSED_STRING), expecting ',' or ';' in /home/cedcoss/Local Sites/thememanupulation/app/public/wp-content/themes/theme-manupulation/front-page.php on line 29
