[24-Dec-2020 12:57:48] NOTICE: fpm is running, pid 9001
[24-Dec-2020 12:57:48] NOTICE: ready to handle connections
[24-Dec-2020 19:02:08] NOTICE: fpm is running, pid 2147
[24-Dec-2020 19:02:08] NOTICE: ready to handle connections
[25-Dec-2020 08:48:02] NOTICE: fpm is running, pid 2677
[25-Dec-2020 08:48:02] NOTICE: ready to handle connections
[25-Dec-2020 19:47:00] NOTICE: Terminating ...
[28-Dec-2020 08:55:51] NOTICE: fpm is running, pid 2417
[28-Dec-2020 08:55:51] NOTICE: ready to handle connections
[28-Dec-2020 14:51:09] NOTICE: fpm is running, pid 1582
[28-Dec-2020 14:51:09] NOTICE: ready to handle connections
[28-Dec-2020 18:45:54] ERROR: Another FPM instance seems to already listen on /home/cedcoss/.config/Local/run/39jmQ7Li8/php/php-fpm.socket
[28-Dec-2020 18:45:54] ERROR: FPM initialization failed
[28-Dec-2020 18:45:55] ERROR: Another FPM instance seems to already listen on /home/cedcoss/.config/Local/run/39jmQ7Li8/php/php-fpm.socket
[28-Dec-2020 18:45:55] ERROR: FPM initialization failed
[28-Dec-2020 18:45:56] ERROR: Another FPM instance seems to already listen on /home/cedcoss/.config/Local/run/39jmQ7Li8/php/php-fpm.socket
[28-Dec-2020 18:45:56] ERROR: FPM initialization failed
[28-Dec-2020 18:45:56] ERROR: Another FPM instance seems to already listen on /home/cedcoss/.config/Local/run/39jmQ7Li8/php/php-fpm.socket
[28-Dec-2020 18:45:56] ERROR: FPM initialization failed
[28-Dec-2020 18:49:41] ERROR: Another FPM instance seems to already listen on /home/cedcoss/.config/Local/run/39jmQ7Li8/php/php-fpm.socket
[28-Dec-2020 18:49:41] ERROR: FPM initialization failed
[28-Dec-2020 18:49:42] ERROR: Another FPM instance seems to already listen on /home/cedcoss/.config/Local/run/39jmQ7Li8/php/php-fpm.socket
[28-Dec-2020 18:49:42] ERROR: FPM initialization failed
[28-Dec-2020 18:49:42] ERROR: Another FPM instance seems to already listen on /home/cedcoss/.config/Local/run/39jmQ7Li8/php/php-fpm.socket
[28-Dec-2020 18:49:42] ERROR: FPM initialization failed
[28-Dec-2020 18:49:43] ERROR: Another FPM instance seems to already listen on /home/cedcoss/.config/Local/run/39jmQ7Li8/php/php-fpm.socket
[28-Dec-2020 18:49:43] ERROR: FPM initialization failed
[28-Dec-2020 18:52:35] NOTICE: fpm is running, pid 2234
[28-Dec-2020 18:52:35] NOTICE: ready to handle connections
[28-Dec-2020 20:18:41] NOTICE: Terminating ...
[29-Dec-2020 09:06:50] NOTICE: fpm is running, pid 3251
[29-Dec-2020 09:06:50] NOTICE: ready to handle connections
